<?xml version="1.0" encoding="UTF-8"?>
<!-- Generated by org.testng.reporters.JUnitReportReporter -->
<testsuite hostname="Ravis-MacBook-Pro.local" failures="0" tests="2" name="com.example.tests.PojoTest" time="0.325" errors="0" timestamp="2025-09-20T17:36:42 PDT" skipped="0">
  <testcase classname="com.example.tests.PojoTest" name="callJsonPlaceholderGet" time="0.229"/>
  <testcase classname="com.example.tests.PojoTest" name="testPojoPostEndpoint" time="0.096"/>
</testsuite> <!-- com.example.tests.PojoTest -->
