<?xml version="1.0" encoding="UTF-8"?>
<!-- Generated by org.testng.reporters.JUnitReportReporter -->
<testsuite hostname="MacBookPro.attlocal.net" failures="0" tests="2" name="com.example.tests.PojoTest" time="0.317" errors="0" timestamp="2025-09-20T21:04:58 PDT" skipped="0">
  <testcase classname="com.example.tests.PojoTest" name="callJsonPlaceholderGet" time="0.223"/>
  <testcase classname="com.example.tests.PojoTest" name="testPojoPostEndpoint" time="0.094"/>
</testsuite> <!-- com.example.tests.PojoTest -->
