<?xml version="1.0" encoding="UTF-8"?>
<!-- Generated by org.testng.reporters.JUnitReportReporter -->
<testsuite hostname="MacBookPro.attlocal.net" failures="0" tests="3" name="com.example.tests.ApiTest" time="1.050" errors="0" timestamp="2025-09-20T21:04:58 PDT" skipped="0">
  <testcase classname="com.example.tests.ApiTest" name="testStubbedPostEndpoint" time="0.045"/>
  <testcase classname="com.example.tests.ApiTest" name="stubGetEndpoint" time="0.950"/>
  <testcase classname="com.example.tests.ApiTest" name="stubPutEndpoint" time="0.055"/>
</testsuite> <!-- com.example.tests.ApiTest -->
