<?xml version="1.0" encoding="UTF-8"?>
<!-- Generated by org.testng.reporters.JUnitReportReporter -->
<testsuite hostname="MacBookPro.attlocal.net" failures="0" tests="1" name="com.example.tests.tokenGentest" time="0.233" errors="0" timestamp="2025-09-22T15:21:56 PDT" skipped="0">
  <testcase classname="com.example.tests.tokenGentest" name="callTokenGenerator" time="0.233"/>
</testsuite> <!-- com.example.tests.tokenGentest -->
