<?xml version="1.0" encoding="UTF-8"?>
<!-- Generated by org.testng.reporters.JUnitReportReporter -->
<testsuite hostname="Ravis-MacBook-Pro.local" failures="0" tests="1" name="com.example.tests.PojoTest" time="0.087" errors="0" timestamp="2025-09-20T17:11:09 PDT" skipped="0">
  <testcase classname="com.example.tests.PojoTest" name="testPojoPostEndpoint" time="0.087"/>
</testsuite> <!-- com.example.tests.PojoTest -->
