<?xml version="1.0" encoding="UTF-8"?>
<!-- Generated by org.testng.reporters.JUnitReportReporter -->
<testsuite hostname="MacBookPro.attlocal.net" failures="0" tests="3" name="com.example.tests.ApiTest" time="1.393" errors="0" timestamp="2025-09-23T08:14:21 PDT" skipped="0">
  <testcase classname="com.example.tests.ApiTest" name="testStubbedPostEndpoint" time="0.063"/>
  <testcase classname="com.example.tests.ApiTest" name="stubGetEndpoint" time="1.253"/>
  <testcase classname="com.example.tests.ApiTest" name="stubPutEndpoint" time="0.077"/>
</testsuite> <!-- com.example.tests.ApiTest -->
