<?xml version="1.0" encoding="UTF-8"?>
<!-- Generated by org.testng.reporters.JUnitReportReporter -->
<testsuite hostname="Ravis-MacBook-Pro.local" failures="0" tests="3" name="com.example.tests.ApiTest" time="1.158" errors="0" timestamp="2025-09-20T17:38:15 PDT" skipped="0">
  <testcase classname="com.example.tests.ApiTest" name="testStubbedPostEndpoint" time="0.064"/>
  <testcase classname="com.example.tests.ApiTest" name="stubGetEndpoint" time="1.019"/>
  <testcase classname="com.example.tests.ApiTest" name="stubPutEndpoint" time="0.075"/>
</testsuite> <!-- com.example.tests.ApiTest -->
